[debug] [2023-07-29T12:25:27.188Z] ----------------------------------------------------------------------
[debug] [2023-07-29T12:25:27.191Z] Command:       C:\Program Files\nodejs\node.exe C:\Users\Asim\AppData\Roaming\npm\node_modules\firebase-tools\lib\bin\firebase.js deploy
[debug] [2023-07-29T12:25:27.191Z] CLI Version:   12.3.1
[debug] [2023-07-29T12:25:27.192Z] Platform:      win32
[debug] [2023-07-29T12:25:27.192Z] Node Version:  v18.13.0
[debug] [2023-07-29T12:25:27.209Z] Time:          Sat Jul 29 2023 17:25:27 GMT+0500 (Pakistan Standard Time)
[debug] [2023-07-29T12:25:27.209Z] ----------------------------------------------------------------------
[debug] 
[debug] [2023-07-29T12:25:27.348Z] > command requires scopes: ["email","openid","https://www.googleapis.com/auth/cloudplatformprojects.readonly","https://www.googleapis.com/auth/firebase","https://www.googleapis.com/auth/cloud-platform"]
[debug] [2023-07-29T12:25:27.349Z] > authorizing via signed-in user (asimrasheed442@gmail.com)
[debug] [2023-07-29T12:25:27.349Z] [iam] checking project masim-app for permissions ["firebase.projects.get","firebasehosting.sites.update"]
[debug] [2023-07-29T12:25:27.354Z] >>> [apiv2][query] POST https://cloudresourcemanager.googleapis.com/v1/projects/masim-app:testIamPermissions [none]
[debug] [2023-07-29T12:25:27.354Z] >>> [apiv2][(partial)header] POST https://cloudresourcemanager.googleapis.com/v1/projects/masim-app:testIamPermissions x-goog-quota-user=projects/masim-app
[debug] [2023-07-29T12:25:27.355Z] >>> [apiv2][body] POST https://cloudresourcemanager.googleapis.com/v1/projects/masim-app:testIamPermissions {"permissions":["firebase.projects.get","firebasehosting.sites.update"]}
[debug] [2023-07-29T12:25:29.039Z] <<< [apiv2][status] POST https://cloudresourcemanager.googleapis.com/v1/projects/masim-app:testIamPermissions 200
[debug] [2023-07-29T12:25:29.041Z] <<< [apiv2][body] POST https://cloudresourcemanager.googleapis.com/v1/projects/masim-app:testIamPermissions {"permissions":["firebase.projects.get","firebasehosting.sites.update"]}
[debug] [2023-07-29T12:25:29.044Z] >>> [apiv2][query] GET https://firebase.googleapis.com/v1beta1/projects/masim-app [none]
[debug] [2023-07-29T12:25:29.885Z] <<< [apiv2][status] GET https://firebase.googleapis.com/v1beta1/projects/masim-app 200
[debug] [2023-07-29T12:25:29.886Z] <<< [apiv2][body] GET https://firebase.googleapis.com/v1beta1/projects/masim-app {"projectId":"masim-app","projectNumber":"889287797420","displayName":"masim-app","name":"projects/masim-app","resources":{"hostingSite":"masim-app"},"state":"ACTIVE","etag":"1_2d09a513-659a-4710-aa1b-cae0dbef2424"}
[info] 
[info] === Deploying to 'masim-app'...
[info] 
[info] i  deploying hosting 
[debug] [2023-07-29T12:25:29.901Z] >>> [apiv2][query] POST https://firebasehosting.googleapis.com/v1beta1/projects/-/sites/masim-app/versions [none]
[debug] [2023-07-29T12:25:29.902Z] >>> [apiv2][body] POST https://firebasehosting.googleapis.com/v1beta1/projects/-/sites/masim-app/versions {"status":"CREATED","labels":{"deployment-tool":"cli-firebase"}}
[debug] [2023-07-29T12:25:31.845Z] <<< [apiv2][status] POST https://firebasehosting.googleapis.com/v1beta1/projects/-/sites/masim-app/versions 200
[debug] [2023-07-29T12:25:31.845Z] <<< [apiv2][body] POST https://firebasehosting.googleapis.com/v1beta1/projects/-/sites/masim-app/versions {"name":"projects/889287797420/sites/masim-app/versions/6712d11843675026","status":"CREATED","config":{},"labels":{"deployment-tool":"cli-firebase"}}
[info] i  hosting[masim-app]: beginning deploy... 
[info] i  hosting[masim-app]: found 19 files in build 
[debug] [2023-07-29T12:25:31.891Z] [hosting] uploading with 200 concurrency
[debug] [2023-07-29T12:25:34.055Z] [hosting] hash cache [YnVpbGQ] stored for 19 files
[debug] [2023-07-29T12:25:34.056Z] [hosting][hash queue][FINAL] {"max":2143,"min":9,"avg":165.10526315789474,"active":0,"complete":19,"success":19,"errored":0,"retried":0,"total":19,"elapsed":2161}
[debug] [2023-07-29T12:25:34.057Z] >>> [apiv2][query] POST https://firebasehosting.googleapis.com/v1beta1/projects/889287797420/sites/masim-app/versions/6712d11843675026:populateFiles [none]
[debug] [2023-07-29T12:25:34.057Z] >>> [apiv2][body] POST https://firebasehosting.googleapis.com/v1beta1/projects/889287797420/sites/masim-app/versions/6712d11843675026:populateFiles {"files":{"/favicon.png":"9bd651bb147870c50d77fb4e77ac781b44c6a45db95b7fe68b58a3040e72bc50","/manifest.json":"a40a4294484385ec155814f7d72caf5967a19f5efcbedf7a62b2cdff07e42711","/robots.txt":"bfe106a3fb878dc83461c86818bf74fc1bdc7f28538ba613cd3e775516ce8b49","/asset-manifest.json":"da837272a9cfc92493ffd89af594923c8a681a926baa8a2ce2ad4741537e9a86","/index.html":"92ed54397163decbf01e4624dc13706ecf2fad3c89c64467d198863afbcc15af","/static/js/787.1ed0c42c.chunk.js":"02025b96a2b26a33d8109ba47caa48b8f3c7d1ceccc995b7fc1434a65558fb0b","/static/js/main.a1a28a5a.js.LICENSE.txt":"d383c698ef913e341ce71b90b0b4ebcd69d08135b63b66bdaf3fe527edabf9f7","/static/js/787.1ed0c42c.chunk.js.map":"35dd119f1344b7e0cc00af4f20efa880f26aa93dbb5838b7c8287157b205a113","/static/media/pre.d4812f51c8c80976eaab.svg":"6180be848424274b0571156b68240db2e3ff2bd73220b370f513a2b1eb7efc78","/static/media/home-bg.dc52d5d40a40b13154b0.jpg":"d81d8f1760846d4fc3b207154696492cdfb7453d0bec72f00de4fa47e7c2f9c4","/static/media/me.665f90496f801aa80725.png":"1cc40c0ca56bc378e376d953f706863c816a6c75be8da43bbd8fd4fa6df00543","/static/media/Resume.1bb9855b585ba80194b4.pdf":"e6a6654f6dfbb81cec0c3c53faa7708ac70db9ea81f4234dc8ce8432e10ba040","/static/css/main.3a92c5c5.css":"61733e64fab661c8ff4b00fec52e0395a121774c2642f59ad12c686e5d037ea8","/static/media/home-main.541f8179af8209ce03ccf2178fe62dbf.svg":"4eb2ada6a7191402a51d42ac1c5435979eb8be5038a15ab29cb0339ff7ff0311","/static/media/about.aee0f771fbfc1e7b8fa8.png":"9ee6ccf96eb90d1bd67641c2866c259cc040cae8362c6dd735b9f80718d1b14d","/static/media/food.0c396a021e8445443233.png":"181941eea6cdd53ccf2063598a20d72be85055bef981d9b0e30d5a4fb7a9919f","/static/css/main.3a92c5c5.css.map":"beb502e96b82180456350b12f22a5bbb72f2a278a368778ff28f785b47e6f0e1","/static/js/main.a1a28a5a.js":"3fa0dccfb06b596b091e45cc9f63af2071a03eccad9360ef61eb70c3ab9dd20b","/static/js/main.a1a28a5a.js.map":"a56a2c5173db8462d9dfaa321062dafedac062838bab9a236271981d2dcdb8f6"}}
[debug] [2023-07-29T12:25:36.010Z] <<< [apiv2][status] POST https://firebasehosting.googleapis.com/v1beta1/projects/889287797420/sites/masim-app/versions/6712d11843675026:populateFiles 200
[debug] [2023-07-29T12:25:36.011Z] <<< [apiv2][body] POST https://firebasehosting.googleapis.com/v1beta1/projects/889287797420/sites/masim-app/versions/6712d11843675026:populateFiles {"uploadRequiredHashes":["da837272a9cfc92493ffd89af594923c8a681a926baa8a2ce2ad4741537e9a86","1cc40c0ca56bc378e376d953f706863c816a6c75be8da43bbd8fd4fa6df00543","3fa0dccfb06b596b091e45cc9f63af2071a03eccad9360ef61eb70c3ab9dd20b","92ed54397163decbf01e4624dc13706ecf2fad3c89c64467d198863afbcc15af","a56a2c5173db8462d9dfaa321062dafedac062838bab9a236271981d2dcdb8f6"],"uploadUrl":"https://upload-firebasehosting.googleapis.com/upload/sites/masim-app/versions/6712d11843675026/files"}
[debug] [2023-07-29T12:25:36.012Z] >>> [apiv2][query] POST https://upload-firebasehosting.googleapis.com/upload/sites/masim-app/versions/6712d11843675026/files/da837272a9cfc92493ffd89af594923c8a681a926baa8a2ce2ad4741537e9a86 [none]
[debug] [2023-07-29T12:25:36.013Z] >>> [apiv2][body] POST https://upload-firebasehosting.googleapis.com/upload/sites/masim-app/versions/6712d11843675026/files/da837272a9cfc92493ffd89af594923c8a681a926baa8a2ce2ad4741537e9a86 [stream]
[debug] [2023-07-29T12:25:36.015Z] >>> [apiv2][query] POST https://upload-firebasehosting.googleapis.com/upload/sites/masim-app/versions/6712d11843675026/files/1cc40c0ca56bc378e376d953f706863c816a6c75be8da43bbd8fd4fa6df00543 [none]
[debug] [2023-07-29T12:25:36.015Z] >>> [apiv2][body] POST https://upload-firebasehosting.googleapis.com/upload/sites/masim-app/versions/6712d11843675026/files/1cc40c0ca56bc378e376d953f706863c816a6c75be8da43bbd8fd4fa6df00543 [stream]
[debug] [2023-07-29T12:25:36.018Z] >>> [apiv2][query] POST https://upload-firebasehosting.googleapis.com/upload/sites/masim-app/versions/6712d11843675026/files/3fa0dccfb06b596b091e45cc9f63af2071a03eccad9360ef61eb70c3ab9dd20b [none]
[debug] [2023-07-29T12:25:36.018Z] >>> [apiv2][body] POST https://upload-firebasehosting.googleapis.com/upload/sites/masim-app/versions/6712d11843675026/files/3fa0dccfb06b596b091e45cc9f63af2071a03eccad9360ef61eb70c3ab9dd20b [stream]
[debug] [2023-07-29T12:25:36.021Z] >>> [apiv2][query] POST https://upload-firebasehosting.googleapis.com/upload/sites/masim-app/versions/6712d11843675026/files/92ed54397163decbf01e4624dc13706ecf2fad3c89c64467d198863afbcc15af [none]
[debug] [2023-07-29T12:25:36.021Z] >>> [apiv2][body] POST https://upload-firebasehosting.googleapis.com/upload/sites/masim-app/versions/6712d11843675026/files/92ed54397163decbf01e4624dc13706ecf2fad3c89c64467d198863afbcc15af [stream]
[debug] [2023-07-29T12:25:36.023Z] >>> [apiv2][query] POST https://upload-firebasehosting.googleapis.com/upload/sites/masim-app/versions/6712d11843675026/files/a56a2c5173db8462d9dfaa321062dafedac062838bab9a236271981d2dcdb8f6 [none]
[debug] [2023-07-29T12:25:36.023Z] >>> [apiv2][body] POST https://upload-firebasehosting.googleapis.com/upload/sites/masim-app/versions/6712d11843675026/files/a56a2c5173db8462d9dfaa321062dafedac062838bab9a236271981d2dcdb8f6 [stream]
[debug] [2023-07-29T12:25:36.025Z] [hosting][populate queue][FINAL] {"max":1959,"min":1959,"avg":1959,"active":0,"complete":1,"success":1,"errored":0,"retried":0,"total":1,"elapsed":1972}
[debug] [2023-07-29T12:25:36.026Z] [hosting] uploads queued: 5
[debug] [2023-07-29T12:25:37.405Z] <<< [apiv2][status] POST https://upload-firebasehosting.googleapis.com/upload/sites/masim-app/versions/6712d11843675026/files/da837272a9cfc92493ffd89af594923c8a681a926baa8a2ce2ad4741537e9a86 200
[debug] [2023-07-29T12:25:37.406Z] <<< [apiv2][body] POST https://upload-firebasehosting.googleapis.com/upload/sites/masim-app/versions/6712d11843675026/files/da837272a9cfc92493ffd89af594923c8a681a926baa8a2ce2ad4741537e9a86 [stream]
[debug] [2023-07-29T12:25:38.198Z] <<< [apiv2][status] POST https://upload-firebasehosting.googleapis.com/upload/sites/masim-app/versions/6712d11843675026/files/3fa0dccfb06b596b091e45cc9f63af2071a03eccad9360ef61eb70c3ab9dd20b 200
[debug] [2023-07-29T12:25:38.199Z] <<< [apiv2][body] POST https://upload-firebasehosting.googleapis.com/upload/sites/masim-app/versions/6712d11843675026/files/3fa0dccfb06b596b091e45cc9f63af2071a03eccad9360ef61eb70c3ab9dd20b [stream]
[debug] [2023-07-29T12:25:38.255Z] <<< [apiv2][status] POST https://upload-firebasehosting.googleapis.com/upload/sites/masim-app/versions/6712d11843675026/files/92ed54397163decbf01e4624dc13706ecf2fad3c89c64467d198863afbcc15af 200
[debug] [2023-07-29T12:25:38.255Z] <<< [apiv2][body] POST https://upload-firebasehosting.googleapis.com/upload/sites/masim-app/versions/6712d11843675026/files/92ed54397163decbf01e4624dc13706ecf2fad3c89c64467d198863afbcc15af [stream]
[debug] [2023-07-29T12:25:40.173Z] <<< [apiv2][status] POST https://upload-firebasehosting.googleapis.com/upload/sites/masim-app/versions/6712d11843675026/files/1cc40c0ca56bc378e376d953f706863c816a6c75be8da43bbd8fd4fa6df00543 200
[debug] [2023-07-29T12:25:40.174Z] <<< [apiv2][body] POST https://upload-firebasehosting.googleapis.com/upload/sites/masim-app/versions/6712d11843675026/files/1cc40c0ca56bc378e376d953f706863c816a6c75be8da43bbd8fd4fa6df00543 [stream]
[debug] [2023-07-29T12:25:42.585Z] <<< [apiv2][status] POST https://upload-firebasehosting.googleapis.com/upload/sites/masim-app/versions/6712d11843675026/files/a56a2c5173db8462d9dfaa321062dafedac062838bab9a236271981d2dcdb8f6 200
[debug] [2023-07-29T12:25:42.586Z] <<< [apiv2][body] POST https://upload-firebasehosting.googleapis.com/upload/sites/masim-app/versions/6712d11843675026/files/a56a2c5173db8462d9dfaa321062dafedac062838bab9a236271981d2dcdb8f6 [stream]
[debug] [2023-07-29T12:25:42.586Z] [hosting][upload queue][FINAL] {"max":6574,"min":1395,"avg":3312.2,"active":0,"complete":5,"success":5,"errored":0,"retried":0,"total":5,"elapsed":6575}
[info] +  hosting[masim-app]: file upload complete 
[debug] [2023-07-29T12:25:42.588Z] [hosting] deploy completed after 10738ms
[debug] [2023-07-29T12:25:42.597Z] [
  {
    "config": {
      "public": "build",
      "ignore": [
        "firebase.json",
        "**/.*",
        "**/node_modules/**"
      ],
      "rewrites": [
        {
          "source": "**",
          "destination": "/index.html"
        }
      ],
      "site": "masim-app"
    },
    "version": "projects/889287797420/sites/masim-app/versions/6712d11843675026"
  }
]
[info] i  hosting[masim-app]: finalizing version... 
[debug] [2023-07-29T12:25:42.605Z] >>> [apiv2][query] PATCH https://firebasehosting.googleapis.com/v1beta1/projects/-/sites/masim-app/versions/6712d11843675026 updateMask=status%2Cconfig
[debug] [2023-07-29T12:25:42.606Z] >>> [apiv2][body] PATCH https://firebasehosting.googleapis.com/v1beta1/projects/-/sites/masim-app/versions/6712d11843675026 {"status":"FINALIZED","config":{"rewrites":[{"glob":"**","path":"/index.html"}]}}
[debug] [2023-07-29T12:25:44.479Z] <<< [apiv2][status] PATCH https://firebasehosting.googleapis.com/v1beta1/projects/-/sites/masim-app/versions/6712d11843675026 200
[debug] [2023-07-29T12:25:44.480Z] <<< [apiv2][body] PATCH https://firebasehosting.googleapis.com/v1beta1/projects/-/sites/masim-app/versions/6712d11843675026 {"name":"projects/889287797420/sites/masim-app/versions/6712d11843675026","status":"FINALIZED","config":{"rewrites":[{"glob":"**","path":"/index.html"}]},"labels":{"deployment-tool":"cli-firebase"},"createTime":"2023-07-29T12:25:31.291348Z","createUser":{"email":"asimrasheed442@gmail.com"},"finalizeTime":"2023-07-29T12:25:44.107975Z","finalizeUser":{"email":"asimrasheed442@gmail.com"}}
[debug] [2023-07-29T12:25:44.480Z] [hosting] finalized version for masim-app:[object Object]
[info] +  hosting[masim-app]: version finalized 
[info] i  hosting[masim-app]: releasing new version... 
[debug] [2023-07-29T12:25:44.485Z] >>> [apiv2][query] POST https://firebasehosting.googleapis.com/v1beta1/projects/-/sites/masim-app/channels/live/releases versionName=projects%2F889287797420%2Fsites%2Fmasim-app%2Fversions%2F6712d11843675026
[debug] [2023-07-29T12:25:44.486Z] >>> [apiv2][body] POST https://firebasehosting.googleapis.com/v1beta1/projects/-/sites/masim-app/channels/live/releases {}
[debug] [2023-07-29T12:25:46.163Z] <<< [apiv2][status] POST https://firebasehosting.googleapis.com/v1beta1/projects/-/sites/masim-app/channels/live/releases 200
[debug] [2023-07-29T12:25:46.164Z] <<< [apiv2][body] POST https://firebasehosting.googleapis.com/v1beta1/projects/-/sites/masim-app/channels/live/releases {"name":"projects/889287797420/sites/masim-app/channels/live/releases/1690633545268000","version":{"name":"projects/889287797420/sites/masim-app/versions/6712d11843675026","status":"FINALIZED","config":{"rewrites":[{"glob":"**","path":"/index.html"}]},"labels":{"deployment-tool":"cli-firebase"},"createTime":"2023-07-29T12:25:31.291348Z","createUser":{"email":"asimrasheed442@gmail.com","imageUrl":"https://lh3.googleusercontent.com/a/AAcHTtc5KNF4LnVgHoWoSVOu6v9k-M8DsBFKCpbk5-hUqXWLC1k"},"finalizeTime":"2023-07-29T12:25:44.107975Z","finalizeUser":{"email":"asimrasheed442@gmail.com","imageUrl":"https://lh3.googleusercontent.com/a/AAcHTtc5KNF4LnVgHoWoSVOu6v9k-M8DsBFKCpbk5-hUqXWLC1k"}},"type":"DEPLOY","releaseTime":"2023-07-29T12:25:45.268Z","releaseUser":{"email":"asimrasheed442@gmail.com","imageUrl":"https://lh3.googleusercontent.com/a/AAcHTtc5KNF4LnVgHoWoSVOu6v9k-M8DsBFKCpbk5-hUqXWLC1k"}}
[debug] [2023-07-29T12:25:46.164Z] [hosting] release: {"name":"projects/889287797420/sites/masim-app/channels/live/releases/1690633545268000","version":{"name":"projects/889287797420/sites/masim-app/versions/6712d11843675026","status":"FINALIZED","config":{"rewrites":[{"glob":"**","path":"/index.html"}]},"labels":{"deployment-tool":"cli-firebase"},"createTime":"2023-07-29T12:25:31.291348Z","createUser":{"email":"asimrasheed442@gmail.com","imageUrl":"https://lh3.googleusercontent.com/a/AAcHTtc5KNF4LnVgHoWoSVOu6v9k-M8DsBFKCpbk5-hUqXWLC1k"},"finalizeTime":"2023-07-29T12:25:44.107975Z","finalizeUser":{"email":"asimrasheed442@gmail.com","imageUrl":"https://lh3.googleusercontent.com/a/AAcHTtc5KNF4LnVgHoWoSVOu6v9k-M8DsBFKCpbk5-hUqXWLC1k"}},"type":"DEPLOY","releaseTime":"2023-07-29T12:25:45.268Z","releaseUser":{"email":"asimrasheed442@gmail.com","imageUrl":"https://lh3.googleusercontent.com/a/AAcHTtc5KNF4LnVgHoWoSVOu6v9k-M8DsBFKCpbk5-hUqXWLC1k"}}
[info] +  hosting[masim-app]: release complete 
[info] 
[info] +  Deploy complete! 
[info] 
[info] Project Console: https://console.firebase.google.com/project/masim-app/overview
[info] Hosting URL: https://masim-app.web.app
[debug] [2023-07-29T12:25:52.163Z] Error: Timed out.
    at Timeout._onTimeout (C:\Users\Asim\AppData\Roaming\npm\node_modules\firebase-tools\lib\utils.js:253:49)
    at listOnTimeout (node:internal/timers:564:17)
    at process.processTimers (node:internal/timers:507:7)
[error] 
[error] Error: An unexpected error has occurred.
